<?xml version="1.0" encoding="UTF-8"?>
<testsuite name="ForgettingMapTest" tests="9" skipped="0" failures="0" errors="0" timestamp="2021-07-04T08:57:43" hostname="GRAHBARR03M" time="0.049">
  <properties/>
  <testcase name="put can modify a key and return the previous value" classname="ForgettingMapTest" time="0.018"/>
  <testcase name="get returns value if key is present" classname="ForgettingMapTest" time="0.0"/>
  <testcase name="at capacity, if the most recently key has not been fetched, it is evicted" classname="ForgettingMapTest" time="0.004"/>
  <testcase name="get returns value when map is at capacity" classname="ForgettingMapTest" time="0.001"/>
  <testcase name="get returns null if key is never set" classname="ForgettingMapTest" time="0.001"/>
  <testcase name="an existing key can be modified, at capacity, without eviction" classname="ForgettingMapTest" time="0.003"/>
  <testcase name="at capacity, get returns null because the key with least fetches has been evicted" classname="ForgettingMapTest" time="0.012"/>
  <testcase name="with multiple fetches the least referenced key switches several times, and then correct key is evicted" classname="ForgettingMapTest" time="0.001"/>
  <testcase name="at capacity, when the most recently added key has been fetched, the key with the lowest number of references and lowest lexical value is evicted" classname="ForgettingMapTest" time="0.001"/>
  <system-out><![CDATA[]]></system-out>
  <system-err><![CDATA[]]></system-err>
</testsuite>
